<?xml version="1.0" encoding="UTF-8"?>
<robot generator="Robot 5.0.1 (Python 3.8.10 on linux)" generated="20220923 16:44:37.173" rpa="false" schemaversion="3">
<suite id="s1" name="Api Token" source="/home/nurul/QA/PROJECT/API TOKEN/api_token.robot">
<test id="s1-t1" name="Login to Deriv" line="11">
<kw name="Open Browser" library="SeleniumLibrary">
<arg>https://app.deriv.com/</arg>
<arg>Chrome</arg>
<doc>Opens a new browser instance to the optional ``url``.</doc>
<msg timestamp="20220923 16:44:37.281" level="INFO">Opening browser 'Chrome' to base url 'https://app.deriv.com/'.</msg>
<status status="PASS" starttime="20220923 16:44:37.280" endtime="20220923 16:44:41.226"/>
</kw>
<kw name="Maximize Browser Window" library="SeleniumLibrary">
<doc>Maximizes current browser window.</doc>
<status status="PASS" starttime="20220923 16:44:41.227" endtime="20220923 16:44:41.329"/>
</kw>
<kw name="Wait Until Page Contains Element" library="SeleniumLibrary">
<arg>//div[@class='btn-purchase__text_wrapper' and contains(.,'Rise')]</arg>
<arg>30</arg>
<doc>Waits until the element ``locator`` appears on the current page.</doc>
<status status="PASS" starttime="20220923 16:44:41.329" endtime="20220923 16:44:46.615"/>
</kw>
<kw name="Click Element" library="SeleniumLibrary">
<arg>${login_button}</arg>
<doc>Click the element identified by ``locator``.</doc>
<msg timestamp="20220923 16:44:46.616" level="INFO">Clicking element '//button[@id='dt_login_button']'.</msg>
<status status="PASS" starttime="20220923 16:44:46.615" endtime="20220923 16:44:48.911"/>
</kw>
<kw name="Wait Until Page Contains Element" library="SeleniumLibrary">
<arg>${login_email}</arg>
<arg>10</arg>
<doc>Waits until the element ``locator`` appears on the current page.</doc>
<status status="PASS" starttime="20220923 16:44:48.911" endtime="20220923 16:44:48.926"/>
</kw>
<kw name="Input Text" library="SeleniumLibrary">
<arg>${login_email}</arg>
<arg>nurul.syafiqah+555@besquare.com.my</arg>
<doc>Types the given ``text`` into the text field identified by ``locator``.</doc>
<msg timestamp="20220923 16:44:48.927" level="INFO">Typing text 'nurul.syafiqah+555@besquare.com.my' into text field '//input[@type='email']'.</msg>
<status status="PASS" starttime="20220923 16:44:48.927" endtime="20220923 16:44:49.008"/>
</kw>
<kw name="Input Text" library="SeleniumLibrary">
<arg>${login_password}</arg>
<arg>abcdE123^^*</arg>
<doc>Types the given ``text`` into the text field identified by ``locator``.</doc>
<msg timestamp="20220923 16:44:49.009" level="INFO">Typing text 'abcdE123^^*' into text field '//input[@type='password']'.</msg>
<status status="PASS" starttime="20220923 16:44:49.008" endtime="20220923 16:44:49.070"/>
</kw>
<kw name="Click Element" library="SeleniumLibrary">
<arg>${submit_button}</arg>
<doc>Click the element identified by ``locator``.</doc>
<msg timestamp="20220923 16:44:49.071" level="INFO">Clicking element '//button[@type='submit']'.</msg>
<status status="PASS" starttime="20220923 16:44:49.070" endtime="20220923 16:44:50.609"/>
</kw>
<kw name="Wait Until Page Contains Element" library="SeleniumLibrary">
<arg>dt_core_account-info_acc-info</arg>
<arg>30</arg>
<doc>Waits until the element ``locator`` appears on the current page.</doc>
<status status="PASS" starttime="20220923 16:44:50.611" endtime="20220923 16:44:51.876"/>
</kw>
<status status="PASS" starttime="20220923 16:44:37.280" endtime="20220923 16:44:51.877"/>
</test>
<test id="s1-t2" name="Access Account Settings &amp; Token Page" line="22">
<kw name="Wait Until Page Does Not Contain Element" library="SeleniumLibrary">
<arg>//*[@aria-label='Loading interface...']</arg>
<arg>30</arg>
<doc>Waits until the element ``locator`` disappears from the current page.</doc>
<status status="PASS" starttime="20220923 16:44:51.879" endtime="20220923 16:44:54.538"/>
</kw>
<kw name="Click Element" library="SeleniumLibrary">
<arg>//a[@class='account-settings-toggle']</arg>
<doc>Click the element identified by ``locator``.</doc>
<msg timestamp="20220923 16:44:54.538" level="INFO">Clicking element '//a[@class='account-settings-toggle']'.</msg>
<status status="PASS" starttime="20220923 16:44:54.538" endtime="20220923 16:44:54.885"/>
</kw>
<kw name="Wait Until Page Contains Element" library="SeleniumLibrary">
<arg>//div[@class='account-form__footer']</arg>
<doc>Waits until the element ``locator`` appears on the current page.</doc>
<status status="PASS" starttime="20220923 16:44:54.885" endtime="20220923 16:44:56.214"/>
</kw>
<kw name="Click Element" library="SeleniumLibrary">
<arg>//a[@id='dc_api-token_link']</arg>
<doc>Click the element identified by ``locator``.</doc>
<msg timestamp="20220923 16:44:56.214" level="INFO">Clicking element '//a[@id='dc_api-token_link']'.</msg>
<status status="PASS" starttime="20220923 16:44:56.214" endtime="20220923 16:44:56.325"/>
</kw>
<status status="PASS" starttime="20220923 16:44:51.877" endtime="20220923 16:44:56.328"/>
</test>
<test id="s1-t3" name="Create Button is Disabled" line="28">
<kw name="Wait Until Page Contains Element" library="SeleniumLibrary">
<arg>//input[@class='dc-input__field']</arg>
<arg>30</arg>
<doc>Waits until the element ``locator`` appears on the current page.</doc>
<status status="PASS" starttime="20220923 16:44:56.330" endtime="20220923 16:44:56.762"/>
</kw>
<kw name="Input Text" library="SeleniumLibrary">
<arg>//input[@class='dc-input__field']</arg>
<arg>hello</arg>
<doc>Types the given ``text`` into the text field identified by ``locator``.</doc>
<msg timestamp="20220923 16:44:56.762" level="INFO">Typing text 'hello' into text field '//input[@class='dc-input__field']'.</msg>
<status status="PASS" starttime="20220923 16:44:56.762" endtime="20220923 16:44:56.906"/>
</kw>
<kw name="Sleep" library="BuiltIn">
<arg>2</arg>
<doc>Pauses the test executed for the given time.</doc>
<msg timestamp="20220923 16:44:58.909" level="INFO">Slept 2 seconds</msg>
<status status="PASS" starttime="20220923 16:44:56.908" endtime="20220923 16:44:58.909"/>
</kw>
<kw name="Click Element" library="SeleniumLibrary">
<arg>//button[@class='dc-btn dc-btn__effect dc-btn--primary dc-btn__large dc-btn__button-group da-api-token__button']</arg>
<doc>Click the element identified by ``locator``.</doc>
<msg timestamp="20220923 16:44:58.910" level="INFO">Clicking element '//button[@class='dc-btn dc-btn__effect dc-btn--primary dc-btn__large dc-btn__button-group da-api-token__button']'.</msg>
<status status="PASS" starttime="20220923 16:44:58.909" endtime="20220923 16:44:58.954"/>
</kw>
<kw name="Press Keys" library="SeleniumLibrary">
<arg>//input[@class='dc-input__field']</arg>
<arg>CTRL+a+BACKSPACE</arg>
<doc>Simulates the user pressing key(s) to an element or on the active browser.</doc>
<msg timestamp="20220923 16:44:58.955" level="INFO">Sending key(s) ('CTRL+a+BACKSPACE',) to //input[@class='dc-input__field'] element.</msg>
<msg timestamp="20220923 16:44:59.224" level="INFO">Pressing special key CONTROL down.</msg>
<msg timestamp="20220923 16:44:59.224" level="INFO">Sending key a</msg>
<msg timestamp="20220923 16:44:59.225" level="INFO">Pressing special key BACKSPACE down.</msg>
<msg timestamp="20220923 16:44:59.225" level="INFO">Releasing special key CONTROL.</msg>
<msg timestamp="20220923 16:44:59.225" level="INFO">Releasing special key BACKSPACE.</msg>
<status status="PASS" starttime="20220923 16:44:58.955" endtime="20220923 16:44:59.244"/>
</kw>
<kw name="Click Element" library="SeleniumLibrary">
<arg>(//div[@class='composite-checkbox api-token__checkbox'])[3]</arg>
<doc>Click the element identified by ``locator``.</doc>
<msg timestamp="20220923 16:44:59.244" level="INFO">Clicking element '(//div[@class='composite-checkbox api-token__checkbox'])[3]'.</msg>
<status status="PASS" starttime="20220923 16:44:59.244" endtime="20220923 16:44:59.299"/>
</kw>
<kw name="Input Text" library="SeleniumLibrary">
<arg>//input[@class='dc-input__field']</arg>
<arg>a</arg>
<doc>Types the given ``text`` into the text field identified by ``locator``.</doc>
<msg timestamp="20220923 16:44:59.300" level="INFO">Typing text 'a' into text field '//input[@class='dc-input__field']'.</msg>
<status status="PASS" starttime="20220923 16:44:59.299" endtime="20220923 16:44:59.365"/>
</kw>
<kw name="Sleep" library="BuiltIn">
<arg>2</arg>
<doc>Pauses the test executed for the given time.</doc>
<msg timestamp="20220923 16:45:01.365" level="INFO">Slept 2 seconds</msg>
<status status="PASS" starttime="20220923 16:44:59.365" endtime="20220923 16:45:01.365"/>
</kw>
<kw name="Press Keys" library="SeleniumLibrary">
<arg>//input[@class='dc-input__field']</arg>
<arg>CTRL+a+BACKSPACE</arg>
<doc>Simulates the user pressing key(s) to an element or on the active browser.</doc>
<msg timestamp="20220923 16:45:01.366" level="INFO">Sending key(s) ('CTRL+a+BACKSPACE',) to //input[@class='dc-input__field'] element.</msg>
<msg timestamp="20220923 16:45:01.631" level="INFO">Pressing special key CONTROL down.</msg>
<msg timestamp="20220923 16:45:01.631" level="INFO">Sending key a</msg>
<msg timestamp="20220923 16:45:01.631" level="INFO">Pressing special key BACKSPACE down.</msg>
<msg timestamp="20220923 16:45:01.631" level="INFO">Releasing special key CONTROL.</msg>
<msg timestamp="20220923 16:45:01.631" level="INFO">Releasing special key BACKSPACE.</msg>
<status status="PASS" starttime="20220923 16:45:01.366" endtime="20220923 16:45:01.647"/>
</kw>
<kw name="Input Text" library="SeleniumLibrary">
<arg>//input[@class='dc-input__field']</arg>
<arg>*&amp;^%$*</arg>
<doc>Types the given ``text`` into the text field identified by ``locator``.</doc>
<msg timestamp="20220923 16:45:01.647" level="INFO">Typing text '*&amp;^%$*' into text field '//input[@class='dc-input__field']'.</msg>
<status status="PASS" starttime="20220923 16:45:01.647" endtime="20220923 16:45:01.743"/>
</kw>
<kw name="Sleep" library="BuiltIn">
<arg>2</arg>
<doc>Pauses the test executed for the given time.</doc>
<msg timestamp="20220923 16:45:03.743" level="INFO">Slept 2 seconds</msg>
<status status="PASS" starttime="20220923 16:45:01.743" endtime="20220923 16:45:03.744"/>
</kw>
<kw name="Click Element" library="SeleniumLibrary">
<arg>//button[@class='dc-btn dc-btn__effect dc-btn--primary dc-btn__large dc-btn__button-group da-api-token__button']</arg>
<doc>Click the element identified by ``locator``.</doc>
<msg timestamp="20220923 16:45:03.745" level="INFO">Clicking element '//button[@class='dc-btn dc-btn__effect dc-btn--primary dc-btn__large dc-btn__button-group da-api-token__button']'.</msg>
<status status="PASS" starttime="20220923 16:45:03.744" endtime="20220923 16:45:03.773"/>
</kw>
<kw name="Clear Element Text" library="SeleniumLibrary">
<arg>//input[@class='dc-input__field']</arg>
<doc>Clears the value of the text-input-element identified by ``locator``.</doc>
<status status="PASS" starttime="20220923 16:45:03.773" endtime="20220923 16:45:03.796"/>
</kw>
<kw name="Press Keys" library="SeleniumLibrary">
<arg>//input[@class='dc-input__field']</arg>
<arg>CTRL+a+BACKSPACE</arg>
<doc>Simulates the user pressing key(s) to an element or on the active browser.</doc>
<msg timestamp="20220923 16:45:03.797" level="INFO">Sending key(s) ('CTRL+a+BACKSPACE',) to //input[@class='dc-input__field'] element.</msg>
<msg timestamp="20220923 16:45:04.068" level="INFO">Pressing special key CONTROL down.</msg>
<msg timestamp="20220923 16:45:04.068" level="INFO">Sending key a</msg>
<msg timestamp="20220923 16:45:04.068" level="INFO">Pressing special key BACKSPACE down.</msg>
<msg timestamp="20220923 16:45:04.068" level="INFO">Releasing special key CONTROL.</msg>
<msg timestamp="20220923 16:45:04.068" level="INFO">Releasing special key BACKSPACE.</msg>
<status status="PASS" starttime="20220923 16:45:03.796" endtime="20220923 16:45:04.080"/>
</kw>
<status status="PASS" starttime="20220923 16:44:56.329" endtime="20220923 16:45:04.080"/>
</test>
<test id="s1-t4" name="Create Token" line="44">
<kw name="Clear Element Text" library="SeleniumLibrary">
<arg>//input[@class='dc-input__field']</arg>
<doc>Clears the value of the text-input-element identified by ``locator``.</doc>
<status status="PASS" starttime="20220923 16:45:04.081" endtime="20220923 16:45:04.106"/>
</kw>
<kw name="Click Element" library="SeleniumLibrary">
<arg>(//div[@class='composite-checkbox api-token__checkbox'])[4]</arg>
<doc>Click the element identified by ``locator``.</doc>
<msg timestamp="20220923 16:45:04.107" level="INFO">Clicking element '(//div[@class='composite-checkbox api-token__checkbox'])[4]'.</msg>
<status status="PASS" starttime="20220923 16:45:04.107" endtime="20220923 16:45:04.152"/>
</kw>
<kw name="Input Text" library="SeleniumLibrary">
<arg>//input[@class='dc-input__field']</arg>
<arg>token7</arg>
<doc>Types the given ``text`` into the text field identified by ``locator``.</doc>
<msg timestamp="20220923 16:45:04.152" level="INFO">Typing text 'token7' into text field '//input[@class='dc-input__field']'.</msg>
<status status="PASS" starttime="20220923 16:45:04.152" endtime="20220923 16:45:04.254"/>
</kw>
<kw name="Wait Until Element Is Enabled" library="SeleniumLibrary">
<arg>//button[@class='dc-btn dc-btn__effect dc-btn--primary dc-btn__large dc-btn__button-group da-api-token__button']</arg>
<doc>Waits until the element ``locator`` is enabled.</doc>
<status status="PASS" starttime="20220923 16:45:04.256" endtime="20220923 16:45:04.310"/>
</kw>
<kw name="Sleep" library="BuiltIn">
<arg>2</arg>
<doc>Pauses the test executed for the given time.</doc>
<msg timestamp="20220923 16:45:06.311" level="INFO">Slept 2 seconds</msg>
<status status="PASS" starttime="20220923 16:45:04.310" endtime="20220923 16:45:06.311"/>
</kw>
<kw name="Click Element" library="SeleniumLibrary">
<arg>//button[@class='dc-btn dc-btn__effect dc-btn--primary dc-btn__large dc-btn__button-group da-api-token__button']</arg>
<doc>Click the element identified by ``locator``.</doc>
<msg timestamp="20220923 16:45:06.311" level="INFO">Clicking element '//button[@class='dc-btn dc-btn__effect dc-btn--primary dc-btn__large dc-btn__button-group da-api-token__button']'.</msg>
<status status="PASS" starttime="20220923 16:45:06.311" endtime="20220923 16:45:06.375"/>
</kw>
<status status="PASS" starttime="20220923 16:45:04.081" endtime="20220923 16:45:06.375"/>
</test>
<test id="s1-t5" name="Copy the API token from token list" line="52">
<kw name="Click Element" library="SeleniumLibrary">
<arg>(//*[@data-testid='dt_copy_token_icon'])[1]</arg>
<doc>Click the element identified by ``locator``.</doc>
<msg timestamp="20220923 16:45:06.377" level="INFO">Clicking element '(//*[@data-testid='dt_copy_token_icon'])[1]'.</msg>
<status status="PASS" starttime="20220923 16:45:06.377" endtime="20220923 16:45:06.475"/>
</kw>
<kw name="Wait Until Page Contains Element" library="SeleniumLibrary">
<arg>//div[@class='dc-modal__container dc-modal__container--small dc-modal__container--enter-done']</arg>
<arg>30</arg>
<doc>Waits until the element ``locator`` appears on the current page.</doc>
<status status="PASS" starttime="20220923 16:45:06.475" endtime="20220923 16:45:06.909"/>
</kw>
<kw name="Click Element" library="SeleniumLibrary">
<arg>//button[@class='dc-btn dc-btn__effect dc-btn--primary dc-btn__large dc-dialog__button']</arg>
<doc>Click the element identified by ``locator``.</doc>
<msg timestamp="20220923 16:45:06.909" level="INFO">Clicking element '//button[@class='dc-btn dc-btn__effect dc-btn--primary dc-btn__large dc-dialog__button']'.</msg>
<status status="PASS" starttime="20220923 16:45:06.909" endtime="20220923 16:45:06.995"/>
</kw>
<status status="PASS" starttime="20220923 16:45:06.376" endtime="20220923 16:45:06.995"/>
</test>
<test id="s1-t6" name="View / Hide token from token list" line="57">
<kw name="Click Element" library="SeleniumLibrary">
<arg>(//*[@data-testid='dt_toggle_visibility_icon'])[1]</arg>
<doc>Click the element identified by ``locator``.</doc>
<msg timestamp="20220923 16:45:06.996" level="INFO">Clicking element '(//*[@data-testid='dt_toggle_visibility_icon'])[1]'.</msg>
<status status="PASS" starttime="20220923 16:45:06.995" endtime="20220923 16:45:07.286"/>
</kw>
<kw name="Sleep" library="BuiltIn">
<arg>2</arg>
<doc>Pauses the test executed for the given time.</doc>
<msg timestamp="20220923 16:45:09.286" level="INFO">Slept 2 seconds</msg>
<status status="PASS" starttime="20220923 16:45:07.286" endtime="20220923 16:45:09.286"/>
</kw>
<kw name="Click Element" library="SeleniumLibrary">
<arg>(//*[@data-testid='dt_toggle_visibility_icon'])[1]</arg>
<doc>Click the element identified by ``locator``.</doc>
<msg timestamp="20220923 16:45:09.287" level="INFO">Clicking element '(//*[@data-testid='dt_toggle_visibility_icon'])[1]'.</msg>
<status status="PASS" starttime="20220923 16:45:09.287" endtime="20220923 16:45:09.316"/>
</kw>
<kw name="Sleep" library="BuiltIn">
<arg>2</arg>
<doc>Pauses the test executed for the given time.</doc>
<msg timestamp="20220923 16:45:11.317" level="INFO">Slept 2 seconds</msg>
<status status="PASS" starttime="20220923 16:45:09.317" endtime="20220923 16:45:11.317"/>
</kw>
<status status="PASS" starttime="20220923 16:45:06.995" endtime="20220923 16:45:11.318"/>
</test>
<test id="s1-t7" name="Delete token list" line="63">
<kw name="Click Element" library="SeleniumLibrary">
<arg>(//*[@data-testid='dt_token_delete_icon'])[1]</arg>
<doc>Click the element identified by ``locator``.</doc>
<msg timestamp="20220923 16:45:11.320" level="INFO">Clicking element '(//*[@data-testid='dt_token_delete_icon'])[1]'.</msg>
<status status="PASS" starttime="20220923 16:45:11.320" endtime="20220923 16:45:11.378"/>
</kw>
<kw name="Sleep" library="BuiltIn">
<arg>2</arg>
<doc>Pauses the test executed for the given time.</doc>
<msg timestamp="20220923 16:45:13.379" level="INFO">Slept 2 seconds</msg>
<status status="PASS" starttime="20220923 16:45:11.379" endtime="20220923 16:45:13.379"/>
</kw>
<kw name="Click Element" library="SeleniumLibrary">
<arg>//button[@class='dc-btn dc-btn__effect dc-btn--secondary dc-btn__large dc-dialog__button']</arg>
<doc>Click the element identified by ``locator``.</doc>
<msg timestamp="20220923 16:45:13.380" level="INFO">Clicking element '//button[@class='dc-btn dc-btn__effect dc-btn--secondary dc-btn__large dc-dialog__button']'.</msg>
<status status="PASS" starttime="20220923 16:45:13.379" endtime="20220923 16:45:13.418"/>
</kw>
<kw name="Click Element" library="SeleniumLibrary">
<arg>(//*[@data-testid='dt_token_delete_icon'])[1]</arg>
<doc>Click the element identified by ``locator``.</doc>
<msg timestamp="20220923 16:45:13.418" level="INFO">Clicking element '(//*[@data-testid='dt_token_delete_icon'])[1]'.</msg>
<status status="PASS" starttime="20220923 16:45:13.418" endtime="20220923 16:45:13.700"/>
</kw>
<kw name="Wait Until Page Contains Element" library="SeleniumLibrary">
<arg>//div[@class='dc-modal__container dc-modal__container--small dc-modal__container--enter-done']</arg>
<arg>30</arg>
<doc>Waits until the element ``locator`` appears on the current page.</doc>
<status status="PASS" starttime="20220923 16:45:13.700" endtime="20220923 16:45:14.136"/>
</kw>
<kw name="Sleep" library="BuiltIn">
<arg>2</arg>
<doc>Pauses the test executed for the given time.</doc>
<msg timestamp="20220923 16:45:16.136" level="INFO">Slept 2 seconds</msg>
<status status="PASS" starttime="20220923 16:45:14.136" endtime="20220923 16:45:16.136"/>
</kw>
<kw name="Click Element" library="SeleniumLibrary">
<arg>//button[@class='dc-btn dc-btn__effect dc-btn--primary dc-btn__large dc-dialog__button']</arg>
<doc>Click the element identified by ``locator``.</doc>
<msg timestamp="20220923 16:45:16.137" level="INFO">Clicking element '//button[@class='dc-btn dc-btn__effect dc-btn--primary dc-btn__large dc-dialog__button']'.</msg>
<status status="PASS" starttime="20220923 16:45:16.137" endtime="20220923 16:45:16.181"/>
</kw>
<status status="PASS" starttime="20220923 16:45:11.319" endtime="20220923 16:45:16.181"/>
</test>
<status status="PASS" starttime="20220923 16:44:37.174" endtime="20220923 16:45:16.183"/>
</suite>
<statistics>
<total>
<stat pass="7" fail="0" skip="0">All Tests</stat>
</total>
<tag>
</tag>
<suite>
<stat pass="7" fail="0" skip="0" id="s1" name="Api Token">Api Token</stat>
</suite>
</statistics>
<errors>
</errors>
</robot>
