<?xml version="1.0" encoding="UTF-8"?>
<robot generator="Robot 5.0.1 (Python 3.8.10 on linux)" generated="20220923 17:07:05.588" rpa="false" schemaversion="3">
<suite id="s1" name="Close Acc" source="/home/nurul/QA/PROJECT/CLOSE ACC/close_acc.robot">
<test id="s1-t1" name="Login to Deriv" line="11">
<kw name="Open Browser" library="SeleniumLibrary">
<arg>https://app.deriv.com/</arg>
<arg>Chrome</arg>
<doc>Opens a new browser instance to the optional ``url``.</doc>
<msg timestamp="20220923 17:07:05.680" level="INFO">Opening browser 'Chrome' to base url 'https://app.deriv.com/'.</msg>
<status status="PASS" starttime="20220923 17:07:05.679" endtime="20220923 17:07:08.536"/>
</kw>
<kw name="Maximize Browser Window" library="SeleniumLibrary">
<doc>Maximizes current browser window.</doc>
<status status="PASS" starttime="20220923 17:07:08.537" endtime="20220923 17:07:08.642"/>
</kw>
<kw name="Wait Until Page Contains Element" library="SeleniumLibrary">
<arg>//div[@class='btn-purchase__text_wrapper' and contains(.,'Rise')]</arg>
<arg>30</arg>
<doc>Waits until the element ``locator`` appears on the current page.</doc>
<status status="PASS" starttime="20220923 17:07:08.642" endtime="20220923 17:07:11.269"/>
</kw>
<kw name="Click Element" library="SeleniumLibrary">
<arg>${login_button}</arg>
<doc>Click the element identified by ``locator``.</doc>
<msg timestamp="20220923 17:07:11.270" level="INFO">Clicking element '//button[@id='dt_login_button']'.</msg>
<status status="PASS" starttime="20220923 17:07:11.269" endtime="20220923 17:07:13.902"/>
</kw>
<kw name="Wait Until Page Contains Element" library="SeleniumLibrary">
<arg>${login_email}</arg>
<arg>10</arg>
<doc>Waits until the element ``locator`` appears on the current page.</doc>
<status status="PASS" starttime="20220923 17:07:13.902" endtime="20220923 17:07:13.918"/>
</kw>
<kw name="Input Text" library="SeleniumLibrary">
<arg>${login_email}</arg>
<arg>nurul.syafiqah+555@besquare.com.my</arg>
<doc>Types the given ``text`` into the text field identified by ``locator``.</doc>
<msg timestamp="20220923 17:07:13.918" level="INFO">Typing text 'nurul.syafiqah+555@besquare.com.my' into text field '//input[@type='email']'.</msg>
<status status="PASS" starttime="20220923 17:07:13.918" endtime="20220923 17:07:13.982"/>
</kw>
<kw name="Input Text" library="SeleniumLibrary">
<arg>${login_password}</arg>
<arg>abcdE123^^*</arg>
<doc>Types the given ``text`` into the text field identified by ``locator``.</doc>
<msg timestamp="20220923 17:07:13.983" level="INFO">Typing text 'abcdE123^^*' into text field '//input[@type='password']'.</msg>
<status status="PASS" starttime="20220923 17:07:13.982" endtime="20220923 17:07:14.047"/>
</kw>
<kw name="Click Element" library="SeleniumLibrary">
<arg>${submit_button}</arg>
<doc>Click the element identified by ``locator``.</doc>
<msg timestamp="20220923 17:07:14.049" level="INFO">Clicking element '//button[@type='submit']'.</msg>
<status status="PASS" starttime="20220923 17:07:14.048" endtime="20220923 17:07:17.250"/>
</kw>
<kw name="Wait Until Page Contains Element" library="SeleniumLibrary">
<arg>dt_core_account-info_acc-info</arg>
<arg>30</arg>
<doc>Waits until the element ``locator`` appears on the current page.</doc>
<status status="PASS" starttime="20220923 17:07:17.250" endtime="20220923 17:07:17.265"/>
</kw>
<status status="PASS" starttime="20220923 17:07:05.679" endtime="20220923 17:07:17.265"/>
</test>
<test id="s1-t2" name="Access Account Settings &amp; Closing Account Page" line="22">
<kw name="Wait Until Page Does Not Contain Element" library="SeleniumLibrary">
<arg>//*[@aria-label='Loading interface...']</arg>
<arg>30</arg>
<doc>Waits until the element ``locator`` disappears from the current page.</doc>
<status status="PASS" starttime="20220923 17:07:17.266" endtime="20220923 17:07:22.750"/>
</kw>
<kw name="Click Element" library="SeleniumLibrary">
<arg>//a[@class='account-settings-toggle']</arg>
<doc>Click the element identified by ``locator``.</doc>
<msg timestamp="20220923 17:07:22.751" level="INFO">Clicking element '//a[@class='account-settings-toggle']'.</msg>
<status status="PASS" starttime="20220923 17:07:22.750" endtime="20220923 17:07:22.963"/>
</kw>
<kw name="Wait Until Page Contains Element" library="SeleniumLibrary">
<arg>//div[@class='account-form__footer']</arg>
<doc>Waits until the element ``locator`` appears on the current page.</doc>
<status status="PASS" starttime="20220923 17:07:22.963" endtime="20220923 17:07:24.310"/>
</kw>
<kw name="Click Element" library="SeleniumLibrary">
<arg>//a[@id='dc_close-your-account_link']</arg>
<doc>Click the element identified by ``locator``.</doc>
<msg timestamp="20220923 17:07:24.311" level="INFO">Clicking element '//a[@id='dc_close-your-account_link']'.</msg>
<status status="PASS" starttime="20220923 17:07:24.310" endtime="20220923 17:07:24.439"/>
</kw>
<status status="PASS" starttime="20220923 17:07:17.266" endtime="20220923 17:07:24.439"/>
</test>
<test id="s1-t3" name="Cancel Closing Account" line="28">
<kw name="Sleep" library="BuiltIn">
<arg>3</arg>
<doc>Pauses the test executed for the given time.</doc>
<msg timestamp="20220923 17:07:27.442" level="INFO">Slept 3 seconds</msg>
<status status="PASS" starttime="20220923 17:07:24.441" endtime="20220923 17:07:27.442"/>
</kw>
<kw name="Wait Until Page Contains Element" library="SeleniumLibrary">
<arg>//button[@class='dc-btn dc-btn--primary dc-btn__large closing-account__button--close-account']</arg>
<arg>30</arg>
<doc>Waits until the element ``locator`` appears on the current page.</doc>
<status status="PASS" starttime="20220923 17:07:27.443" endtime="20220923 17:07:27.459"/>
</kw>
<kw name="Click Element" library="SeleniumLibrary">
<arg>//button[@class='dc-btn dc-btn--secondary dc-btn__large closing-account__button--cancel']</arg>
<doc>Click the element identified by ``locator``.</doc>
<msg timestamp="20220923 17:07:27.459" level="INFO">Clicking element '//button[@class='dc-btn dc-btn--secondary dc-btn__large closing-account__button--cancel']'.</msg>
<status status="PASS" starttime="20220923 17:07:27.459" endtime="20220923 17:07:27.629"/>
</kw>
<kw name="Wait Until Page Does Not Contain Element" library="SeleniumLibrary">
<arg>//*[@aria-label='Loading interface...']</arg>
<arg>30</arg>
<doc>Waits until the element ``locator`` disappears from the current page.</doc>
<status status="PASS" starttime="20220923 17:07:27.629" endtime="20220923 17:07:27.643"/>
</kw>
<kw name="Sleep" library="BuiltIn">
<arg>2</arg>
<doc>Pauses the test executed for the given time.</doc>
<msg timestamp="20220923 17:07:29.643" level="INFO">Slept 2 seconds</msg>
<status status="PASS" starttime="20220923 17:07:27.643" endtime="20220923 17:07:29.644"/>
</kw>
<status status="PASS" starttime="20220923 17:07:24.440" endtime="20220923 17:07:29.644"/>
</test>
<test id="s1-t4" name="Close Account" line="35">
<kw name="Click Element" library="SeleniumLibrary">
<arg>//a[@class='account-settings-toggle']</arg>
<doc>Click the element identified by ``locator``.</doc>
<msg timestamp="20220923 17:07:29.647" level="INFO">Clicking element '//a[@class='account-settings-toggle']'.</msg>
<status status="PASS" starttime="20220923 17:07:29.646" endtime="20220923 17:07:29.836"/>
</kw>
<kw name="Wait Until Page Contains Element" library="SeleniumLibrary">
<arg>//div[@class='account-form__footer']</arg>
<doc>Waits until the element ``locator`` appears on the current page.</doc>
<status status="PASS" starttime="20220923 17:07:29.837" endtime="20220923 17:07:30.263"/>
</kw>
<kw name="Click Element" library="SeleniumLibrary">
<arg>//a[@id='dc_close-your-account_link']</arg>
<doc>Click the element identified by ``locator``.</doc>
<msg timestamp="20220923 17:07:30.263" level="INFO">Clicking element '//a[@id='dc_close-your-account_link']'.</msg>
<status status="PASS" starttime="20220923 17:07:30.263" endtime="20220923 17:07:30.381"/>
</kw>
<kw name="Wait Until Page Contains Element" library="SeleniumLibrary">
<arg>//button[@class='dc-btn dc-btn--primary dc-btn__large closing-account__button--close-account']</arg>
<arg>30</arg>
<doc>Waits until the element ``locator`` appears on the current page.</doc>
<status status="PASS" starttime="20220923 17:07:30.381" endtime="20220923 17:07:30.388"/>
</kw>
<kw name="Click Element" library="SeleniumLibrary">
<arg>//button[@class='dc-btn dc-btn--primary dc-btn__large closing-account__button--close-account']</arg>
<doc>Click the element identified by ``locator``.</doc>
<msg timestamp="20220923 17:07:30.389" level="INFO">Clicking element '//button[@class='dc-btn dc-btn--primary dc-btn__large closing-account__button--close-account']'.</msg>
<status status="PASS" starttime="20220923 17:07:30.388" endtime="20220923 17:07:30.473"/>
</kw>
<kw name="Wait Until Page Contains Element" library="SeleniumLibrary">
<arg>//div[@class='closing-account-reasons__footer']</arg>
<doc>Waits until the element ``locator`` appears on the current page.</doc>
<status status="PASS" starttime="20220923 17:07:30.473" endtime="20220923 17:07:30.486"/>
</kw>
<status status="PASS" starttime="20220923 17:07:29.645" endtime="20220923 17:07:30.486"/>
</test>
<test id="s1-t5" name="Continue button is disabled" line="43">
<kw name="Click Element" library="SeleniumLibrary">
<arg>//button[@class='dc-btn dc-btn__effect dc-btn--primary dc-btn__large']</arg>
<doc>Click the element identified by ``locator``.</doc>
<msg timestamp="20220923 17:07:30.487" level="INFO">Clicking element '//button[@class='dc-btn dc-btn__effect dc-btn--primary dc-btn__large']'.</msg>
<status status="PASS" starttime="20220923 17:07:30.487" endtime="20220923 17:07:30.525"/>
</kw>
<kw name="Input Text" library="SeleniumLibrary">
<arg>(//textarea[@class='dc-input__field dc-input__textarea dc-input__field--placeholder-visible'])[1]</arg>
<arg>here is the text</arg>
<doc>Types the given ``text`` into the text field identified by ``locator``.</doc>
<msg timestamp="20220923 17:07:30.526" level="INFO">Typing text 'here is the text' into text field '(//textarea[@class='dc-input__field dc-input__textarea dc-input__field--placeholder-visible'])[1]'.</msg>
<status status="PASS" starttime="20220923 17:07:30.525" endtime="20220923 17:07:30.694"/>
</kw>
<kw name="Input Text" library="SeleniumLibrary">
<arg>(//textarea[@class='dc-input__field dc-input__textarea dc-input__field--placeholder-visible'])[2]</arg>
<arg>here is invalid text &amp;(($))</arg>
<doc>Types the given ``text`` into the text field identified by ``locator``.</doc>
<msg timestamp="20220923 17:07:30.695" level="INFO">Typing text 'here is invalid text &amp;(($))' into text field '(//textarea[@class='dc-input__field dc-input__textarea dc-input__field--placeholder-visible'])[2]'.</msg>
<status status="PASS" starttime="20220923 17:07:30.694" endtime="20220923 17:07:30.929"/>
</kw>
<kw name="Sleep" library="BuiltIn">
<arg>2</arg>
<doc>Pauses the test executed for the given time.</doc>
<msg timestamp="20220923 17:07:32.930" level="INFO">Slept 2 seconds</msg>
<status status="PASS" starttime="20220923 17:07:30.929" endtime="20220923 17:07:32.930"/>
</kw>
<kw name="Click Element" library="SeleniumLibrary">
<arg>//button[@class='dc-btn dc-btn__effect dc-btn--primary dc-btn__large']</arg>
<doc>Click the element identified by ``locator``.</doc>
<msg timestamp="20220923 17:07:32.930" level="INFO">Clicking element '//button[@class='dc-btn dc-btn__effect dc-btn--primary dc-btn__large']'.</msg>
<status status="PASS" starttime="20220923 17:07:32.930" endtime="20220923 17:07:32.950"/>
</kw>
<status status="PASS" starttime="20220923 17:07:30.487" endtime="20220923 17:07:32.950"/>
</test>
<test id="s1-t6" name="Continue button is enabled" line="50">
<kw name="Click Element" library="SeleniumLibrary">
<arg>//button[@class='dc-btn dc-btn__effect dc-btn--secondary dc-btn__large']</arg>
<doc>Click the element identified by ``locator``.</doc>
<msg timestamp="20220923 17:07:32.951" level="INFO">Clicking element '//button[@class='dc-btn dc-btn__effect dc-btn--secondary dc-btn__large']'.</msg>
<status status="PASS" starttime="20220923 17:07:32.951" endtime="20220923 17:07:33.033"/>
</kw>
<kw name="Sleep" library="BuiltIn">
<arg>3</arg>
<doc>Pauses the test executed for the given time.</doc>
<msg timestamp="20220923 17:07:36.034" level="INFO">Slept 3 seconds</msg>
<status status="PASS" starttime="20220923 17:07:33.034" endtime="20220923 17:07:36.034"/>
</kw>
<kw name="Click Element" library="SeleniumLibrary">
<arg>//button[@class='dc-btn dc-btn--primary dc-btn__large closing-account__button--close-account']</arg>
<doc>Click the element identified by ``locator``.</doc>
<msg timestamp="20220923 17:07:36.034" level="INFO">Clicking element '//button[@class='dc-btn dc-btn--primary dc-btn__large closing-account__button--close-account']'.</msg>
<status status="PASS" starttime="20220923 17:07:36.034" endtime="20220923 17:07:36.068"/>
</kw>
<kw name="Wait Until Page Contains Element" library="SeleniumLibrary">
<arg>//div[@class='closing-account-reasons__footer']</arg>
<arg>30</arg>
<doc>Waits until the element ``locator`` appears on the current page.</doc>
<status status="PASS" starttime="20220923 17:07:36.068" endtime="20220923 17:07:36.077"/>
</kw>
<kw name="Click Element" library="SeleniumLibrary">
<arg>(//label[@class='dc-checkbox closing-account-reasons__checkbox'])[1]</arg>
<doc>Click the element identified by ``locator``.</doc>
<msg timestamp="20220923 17:07:36.077" level="INFO">Clicking element '(//label[@class='dc-checkbox closing-account-reasons__checkbox'])[1]'.</msg>
<status status="PASS" starttime="20220923 17:07:36.077" endtime="20220923 17:07:36.123"/>
</kw>
<kw name="Click Element" library="SeleniumLibrary">
<arg>(//label[@class='dc-checkbox closing-account-reasons__checkbox'])[3]</arg>
<doc>Click the element identified by ``locator``.</doc>
<msg timestamp="20220923 17:07:36.124" level="INFO">Clicking element '(//label[@class='dc-checkbox closing-account-reasons__checkbox'])[3]'.</msg>
<status status="PASS" starttime="20220923 17:07:36.123" endtime="20220923 17:07:36.172"/>
</kw>
<kw name="Click Element" library="SeleniumLibrary">
<arg>(//label[@class='dc-checkbox closing-account-reasons__checkbox'])[5]</arg>
<doc>Click the element identified by ``locator``.</doc>
<msg timestamp="20220923 17:07:36.173" level="INFO">Clicking element '(//label[@class='dc-checkbox closing-account-reasons__checkbox'])[5]'.</msg>
<status status="PASS" starttime="20220923 17:07:36.172" endtime="20220923 17:07:36.228"/>
</kw>
<kw name="Input Text" library="SeleniumLibrary">
<arg>(//textarea[@class='dc-input__field dc-input__textarea dc-input__field--placeholder-visible'])[1]</arg>
<arg>here is the text</arg>
<doc>Types the given ``text`` into the text field identified by ``locator``.</doc>
<msg timestamp="20220923 17:07:36.229" level="INFO">Typing text 'here is the text' into text field '(//textarea[@class='dc-input__field dc-input__textarea dc-input__field--placeholder-visible'])[1]'.</msg>
<status status="PASS" starttime="20220923 17:07:36.228" endtime="20220923 17:07:36.358"/>
</kw>
<kw name="Input Text" library="SeleniumLibrary">
<arg>(//textarea[@class='dc-input__field dc-input__textarea dc-input__field--placeholder-visible'])[2]</arg>
<arg>new valid text</arg>
<doc>Types the given ``text`` into the text field identified by ``locator``.</doc>
<msg timestamp="20220923 17:07:36.359" level="INFO">Typing text 'new valid text' into text field '(//textarea[@class='dc-input__field dc-input__textarea dc-input__field--placeholder-visible'])[2]'.</msg>
<status status="PASS" starttime="20220923 17:07:36.359" endtime="20220923 17:07:36.470"/>
</kw>
<kw name="Sleep" library="BuiltIn">
<arg>2</arg>
<doc>Pauses the test executed for the given time.</doc>
<msg timestamp="20220923 17:07:38.470" level="INFO">Slept 2 seconds</msg>
<status status="PASS" starttime="20220923 17:07:36.470" endtime="20220923 17:07:38.471"/>
</kw>
<kw name="Click Element" library="SeleniumLibrary">
<arg>//button[@class='dc-btn dc-btn__effect dc-btn--primary dc-btn__large']</arg>
<doc>Click the element identified by ``locator``.</doc>
<msg timestamp="20220923 17:07:38.471" level="INFO">Clicking element '//button[@class='dc-btn dc-btn__effect dc-btn--primary dc-btn__large']'.</msg>
<status status="PASS" starttime="20220923 17:07:38.471" endtime="20220923 17:07:38.561"/>
</kw>
<kw name="Wait Until Page Contains Element" library="SeleniumLibrary">
<arg>//div[@class='dc-modal__container dc-modal__container_closing-account-reasons dc-modal__container--enter-done']</arg>
<arg>30</arg>
<doc>Waits until the element ``locator`` appears on the current page.</doc>
<status status="PASS" starttime="20220923 17:07:38.561" endtime="20220923 17:07:38.998"/>
</kw>
<kw name="Sleep" library="BuiltIn">
<arg>2</arg>
<doc>Pauses the test executed for the given time.</doc>
<msg timestamp="20220923 17:07:40.998" level="INFO">Slept 2 seconds</msg>
<status status="PASS" starttime="20220923 17:07:38.998" endtime="20220923 17:07:40.998"/>
</kw>
<kw name="Click Element" library="SeleniumLibrary">
<arg>(//button[@class='dc-btn dc-btn__effect dc-btn--secondary dc-btn__large'])[2]</arg>
<doc>Click the element identified by ``locator``.</doc>
<msg timestamp="20220923 17:07:40.999" level="INFO">Clicking element '(//button[@class='dc-btn dc-btn__effect dc-btn--secondary dc-btn__large'])[2]'.</msg>
<status status="PASS" starttime="20220923 17:07:40.999" endtime="20220923 17:07:41.080"/>
</kw>
<kw name="Sleep" library="BuiltIn">
<arg>2</arg>
<doc>Pauses the test executed for the given time.</doc>
<msg timestamp="20220923 17:07:43.080" level="INFO">Slept 2 seconds</msg>
<status status="PASS" starttime="20220923 17:07:41.080" endtime="20220923 17:07:43.080"/>
</kw>
<kw name="Click Element" library="SeleniumLibrary">
<arg>//button[@class='dc-btn dc-btn__effect dc-btn--primary dc-btn__large']</arg>
<doc>Click the element identified by ``locator``.</doc>
<msg timestamp="20220923 17:07:43.081" level="INFO">Clicking element '//button[@class='dc-btn dc-btn__effect dc-btn--primary dc-btn__large']'.</msg>
<status status="PASS" starttime="20220923 17:07:43.081" endtime="20220923 17:07:43.139"/>
</kw>
<kw name="Wait Until Page Contains Element" library="SeleniumLibrary">
<arg>//div[@class='dc-modal__container dc-modal__container_closing-account-reasons dc-modal__container--enter-done']</arg>
<arg>30</arg>
<doc>Waits until the element ``locator`` appears on the current page.</doc>
<status status="PASS" starttime="20220923 17:07:43.140" endtime="20220923 17:07:43.571"/>
</kw>
<kw name="Click Element" library="SeleniumLibrary">
<arg>(//button[@class='dc-btn dc-btn__effect dc-btn--primary dc-btn__large'])[2]</arg>
<doc>Click the element identified by ``locator``.</doc>
<msg timestamp="20220923 17:07:43.572" level="INFO">Clicking element '(//button[@class='dc-btn dc-btn__effect dc-btn--primary dc-btn__large'])[2]'.</msg>
<status status="PASS" starttime="20220923 17:07:43.571" endtime="20220923 17:07:43.638"/>
</kw>
<status status="PASS" starttime="20220923 17:07:32.950" endtime="20220923 17:07:43.638"/>
</test>
<status status="PASS" starttime="20220923 17:07:05.589" endtime="20220923 17:07:43.639"/>
</suite>
<statistics>
<total>
<stat pass="6" fail="0" skip="0">All Tests</stat>
</total>
<tag>
</tag>
<suite>
<stat pass="6" fail="0" skip="0" id="s1" name="Close Acc">Close Acc</stat>
</suite>
</statistics>
<errors>
</errors>
</robot>
